<?xml version="1.0" encoding="UTF-8"?>
<testsuite xmlns:xsi="http://www.w3.org/2001/XMLSchema-instance" xsi:noNamespaceSchemaLocation="https://maven.apache.org/surefire/maven-surefire-plugin/xsd/surefire-test-report.xsd" name="md.purice.sfgpetclinic.services.map.OwnerMapServiceTest" time="0.125" tests="8" errors="0" skipped="0" failures="0">
  <properties>
[...]
</properties>
  <testcase name="saveNoId" classname="md.purice.sfgpetclinic.services.map.OwnerMapServiceTest" time="0.078"/>
  <testcase name="findByLastNameNotFound" classname="md.purice.sfgpetclinic.services.map.OwnerMapServiceTest" time="0"/>
  <testcase name="saveExistingId" classname="md.purice.sfgpetclinic.services.map.OwnerMapServiceTest" time="0.015"/>
  <testcase name="delete" classname="md.purice.sfgpetclinic.services.map.OwnerMapServiceTest" time="0"/>
  <testcase name="findAll" classname="md.purice.sfgpetclinic.services.map.OwnerMapServiceTest" time="0"/>
  <testcase name="findById" classname="md.purice.sfgpetclinic.services.map.OwnerMapServiceTest" time="0"/>
  <testcase name="findByLastName" classname="md.purice.sfgpetclinic.services.map.OwnerMapServiceTest" time="0"/>
  <testcase name="deleteById" classname="md.purice.sfgpetclinic.services.map.OwnerMapServiceTest" time="0"/>
</testsuite>